Building DAG of jobs...
Using shell: /bin/bash
Provided cores: 1
Rules claiming more threads will be scaled down.
Job counts:
	count	jobs
	1	all
	1	hello_world
	2

rule hello_world:
    output: world.txt
    jobid: 1

Waiting at most 5 seconds for missing files.
MissingOutputException in line 4 of /home/kevin/snaketest/Snakefile:
Missing files after 5 seconds:
world.txt
This might be due to filesystem latency. If that is the case, consider to increase the wait time with --latency-wait.
Shutting down, this might take some time.
Exiting because a job execution failed. Look above for error message
Complete log: /home/kevin/snaketest/.snakemake/log/2018-03-16T144248.356977.snakemake.log
